# project ns (3.13) configured on Sat Mar 22 14:23:47 2014 by
# waf 1.6.7 (abi 98, python 20703f0 on linux2)
# using ./waf configure
#
----------------------------------------
Setting top to
/home/chuan/vPRKS
----------------------------------------
Setting out to
/home/chuan/vPRKS/build
----------------------------------------
Checking for 'gcc' (c compiler)
find program=['gcc', 'cc'] paths=['/usr/local/bin/gcf/src', '/usr/local/bin/gcf/examples', '/usr/lib/lightdm/lightdm', '/usr/local/sbin', '/usr/local/bin', '/usr/sbin', '/usr/bin', '/sbin', '/bin', '/usr/games'] var='CC' -> '/usr/bin/gcc'
find program=['ar'] paths=['/usr/local/bin/gcf/src', '/usr/local/bin/gcf/examples', '/usr/lib/lightdm/lightdm', '/usr/local/sbin', '/usr/local/bin', '/usr/sbin', '/usr/bin', '/sbin', '/bin', '/usr/games'] var='AR' -> '/usr/bin/ar'
/usr/bin/gcc
----------------------------------------
Checking for 'g++' (c++ compiler)
find program=['g++', 'c++'] paths=['/usr/local/bin/gcf/src', '/usr/local/bin/gcf/examples', '/usr/lib/lightdm/lightdm', '/usr/local/sbin', '/usr/local/bin', '/usr/sbin', '/usr/bin', '/sbin', '/bin', '/usr/games'] var='CXX' -> '/usr/bin/g++'
(tool ar is already loaded, skipping)
/usr/bin/g++
----------------------------------------
Checking for program pkg-config
/usr/bin/pkg-config
find program=['pkg-config'] paths=['/usr/local/bin/gcf/src', '/usr/local/bin/gcf/examples', '/usr/lib/lightdm/lightdm', '/usr/local/sbin', '/usr/local/bin', '/usr/sbin', '/usr/bin', '/sbin', '/bin', '/usr/games'] var='PKG_CONFIG' -> '/usr/bin/pkg-config'
---------------------------------------------------------
Checking for compilation flag -Wl,--soname=foo... support
==>
#include <stdio.h>
int main() { return 0; }

<==
[1/2] [32mcxx: build/.conf_check_fe0ca542f39064c5a14ee41a2e983996/test.cc -> build/.conf_check_fe0ca542f39064c5a14ee41a2e983996/testbuild/test.cc.1.o
[0m
['/usr/bin/g++', '-W', '-Wall', '-g', '-Wl,--soname=foo', '-I/home/chuan/sumo-0.18.0/src', '-DNS3_ASSERT_ENABLE', '-DNS3_LOG_ENABLE', '../test.cc', '-c', '-o', 'test.cc.1.o']
[2/2] [33mcxxprogram: build/.conf_check_fe0ca542f39064c5a14ee41a2e983996/testbuild/test.cc.1.o -> build/.conf_check_fe0ca542f39064c5a14ee41a2e983996/testbuild/testprog
[0m
['/usr/bin/g++', 'test.cc.1.o', '-o', '/home/chuan/vPRKS/build/.conf_check_fe0ca542f39064c5a14ee41a2e983996/testbuild/testprog', '-Wl,-Bstatic', '-Wl,-Bdynamic']
ok
---------------------------------------------------------
Checking for click location
not found
---------------------------------------------------------
Checking for pkg-config flags for GTK_CONFIG_STORE
['/usr/bin/pkg-config', '--cflags', '--libs', 'gtk+-2.0 >= 2.12']: '' (exit code 1)
Package gtk+-2.0 was not found in the pkg-config search path.
Perhaps you should add the directory containing `gtk+-2.0.pc'
to the PKG_CONFIG_PATH environment variable
No package 'gtk+-2.0' found

not found
---------------------------------------------------------
Checking for pkg-config flags for LIBXML2
['/usr/bin/pkg-config', '--cflags', '--libs', 'libxml-2.0 >= 2.6']: '-I/usr/include/libxml2  -lxml2  \n' (exit code 0)

ok
---------------------------------------------------------
Checking for type uint128_t
==>
#include <stdint.h>

int main() {
	if ((uint128_t *) 0) return 0;
	if (sizeof (uint128_t)) return 0;
}

<==
[1/2] [32mcxx: build/.conf_check_9a9aa0a48a7447bdd461f06307f32dc7/test.cpp -> build/.conf_check_9a9aa0a48a7447bdd461f06307f32dc7/testbuild/test.cpp.1.o
[0m
['/usr/bin/g++', '-W', '-Wall', '-g', '-I/home/chuan/sumo-0.18.0/src', '-DNS3_ASSERT_ENABLE', '-DNS3_LOG_ENABLE', '../test.cpp', '-c', '-o', 'test.cpp.1.o']
err: ../test.cpp: In function â€˜int main()â€™:
../test.cpp:4:7: error: â€˜uint128_tâ€™ was not declared in this scope
../test.cpp:4:18: error: expected primary-expression before â€˜)â€™ token
../test.cpp:4:20: error: expected â€˜)â€™ before numeric constant
../test.cpp:5:14: error: â€˜uint128_tâ€™ was not declared in this scope

from /home/chuan/vPRKS/src/core: Test does not build: Traceback (most recent call last):
  File "/home/chuan/vPRKS/.waf-1.6.7-0a94702c61504c487a251b8d0a04ca9a/waflib/Tools/c_config.py", line 435, in run_c_code
    bld.compile()
  File "/home/chuan/vPRKS/.waf-1.6.7-0a94702c61504c487a251b8d0a04ca9a/waflib/Build.py", line 193, in compile
    raise Errors.BuildError(self.producer.error)
BuildError: Build failed
 -> task failed (exit status 1): 
	{task 35240208: cxx test.cpp -> test.cpp.1.o}
['/usr/bin/g++', '-W', '-Wall', '-g', '-I/home/chuan/sumo-0.18.0/src', '-DNS3_ASSERT_ENABLE', '-DNS3_LOG_ENABLE', '../test.cpp', '-c', '-o', 'test.cpp.1.o']

not found
from /home/chuan/vPRKS/src/core: The configuration failed
---------------------------------------------------------
Checking for type __uint128_t
==>
#include <stdint.h>

int main() {
	if ((__uint128_t *) 0) return 0;
	if (sizeof (__uint128_t)) return 0;
}

<==
[1/2] [32mcxx: build/.conf_check_703a8a276d4ad265d967b1b45f1fc578/test.cpp -> build/.conf_check_703a8a276d4ad265d967b1b45f1fc578/testbuild/test.cpp.1.o
[0m
['/usr/bin/g++', '-W', '-Wall', '-g', '-I/home/chuan/sumo-0.18.0/src', '-DNS3_ASSERT_ENABLE', '-DNS3_LOG_ENABLE', '../test.cpp', '-c', '-o', 'test.cpp.1.o']
[2/2] [33mcxxprogram: build/.conf_check_703a8a276d4ad265d967b1b45f1fc578/testbuild/test.cpp.1.o -> build/.conf_check_703a8a276d4ad265d967b1b45f1fc578/testbuild/testprog
[0m
['/usr/bin/g++', 'test.cpp.1.o', '-o', '/home/chuan/vPRKS/build/.conf_check_703a8a276d4ad265d967b1b45f1fc578/testbuild/testprog', '-Wl,-Bstatic', '-Wl,-Bdynamic']
yes
---------------------------------------------------------
Checking high precision time implementation
128-bit integer
---------------------------------------------------------
Checking for header stdint.h
==>
#include <stdint.h>

int main() {
	return 0;
}

<==
[1/2] [32mcxx: build/.conf_check_c59373285bc13999c3df79164cb29af1/test.cpp -> build/.conf_check_c59373285bc13999c3df79164cb29af1/testbuild/test.cpp.1.o
[0m
['/usr/bin/g++', '-W', '-Wall', '-g', '-I/home/chuan/sumo-0.18.0/src', '-DNS3_ASSERT_ENABLE', '-DNS3_LOG_ENABLE', '-DHAVE___UINT128_T=1', '-DINT64X64_USE_128=1', '../test.cpp', '-c', '-o', 'test.cpp.1.o']
[2/2] [33mcxxprogram: build/.conf_check_c59373285bc13999c3df79164cb29af1/testbuild/test.cpp.1.o -> build/.conf_check_c59373285bc13999c3df79164cb29af1/testbuild/testprog
[0m
['/usr/bin/g++', 'test.cpp.1.o', '-o', '/home/chuan/vPRKS/build/.conf_check_c59373285bc13999c3df79164cb29af1/testbuild/testprog', '-Wl,-Bstatic', '-Wl,-Bdynamic']
yes
---------------------------------------------------------
Checking for header inttypes.h
==>
#include <inttypes.h>

int main() {
	return 0;
}

<==
[1/2] [32mcxx: build/.conf_check_591f7be6a22ba3cd4f507fd8bc09bd2a/test.cpp -> build/.conf_check_591f7be6a22ba3cd4f507fd8bc09bd2a/testbuild/test.cpp.1.o
[0m
['/usr/bin/g++', '-W', '-Wall', '-g', '-I/home/chuan/sumo-0.18.0/src', '-DNS3_ASSERT_ENABLE', '-DNS3_LOG_ENABLE', '-DHAVE___UINT128_T=1', '-DINT64X64_USE_128=1', '-DHAVE_STDINT_H=1', '../test.cpp', '-c', '-o', 'test.cpp.1.o']
[2/2] [33mcxxprogram: build/.conf_check_591f7be6a22ba3cd4f507fd8bc09bd2a/testbuild/test.cpp.1.o -> build/.conf_check_591f7be6a22ba3cd4f507fd8bc09bd2a/testbuild/testprog
[0m
['/usr/bin/g++', 'test.cpp.1.o', '-o', '/home/chuan/vPRKS/build/.conf_check_591f7be6a22ba3cd4f507fd8bc09bd2a/testbuild/testprog', '-Wl,-Bstatic', '-Wl,-Bdynamic']
yes
---------------------------------------------------------
Checking for header sys/inttypes.h
==>
#include <sys/inttypes.h>

int main() {
	return 0;
}

<==
[1/2] [32mcxx: build/.conf_check_2ca1edb217ad9cef6c81468eb5adffbb/test.cpp -> build/.conf_check_2ca1edb217ad9cef6c81468eb5adffbb/testbuild/test.cpp.1.o
[0m
['/usr/bin/g++', '-W', '-Wall', '-g', '-I/home/chuan/sumo-0.18.0/src', '-DNS3_ASSERT_ENABLE', '-DNS3_LOG_ENABLE', '-DHAVE___UINT128_T=1', '-DINT64X64_USE_128=1', '-DHAVE_STDINT_H=1', '-DHAVE_INTTYPES_H=1', '../test.cpp', '-c', '-o', 'test.cpp.1.o']
err: ../test.cpp:1:26: fatal error: sys/inttypes.h: No such file or directory
compilation terminated.

from /home/chuan/vPRKS/src/core: Test does not build: Traceback (most recent call last):
  File "/home/chuan/vPRKS/.waf-1.6.7-0a94702c61504c487a251b8d0a04ca9a/waflib/Tools/c_config.py", line 435, in run_c_code
    bld.compile()
  File "/home/chuan/vPRKS/.waf-1.6.7-0a94702c61504c487a251b8d0a04ca9a/waflib/Build.py", line 193, in compile
    raise Errors.BuildError(self.producer.error)
BuildError: Build failed
 -> task failed (exit status 1): 
	{task 35313296: cxx test.cpp -> test.cpp.1.o}
['/usr/bin/g++', '-W', '-Wall', '-g', '-I/home/chuan/sumo-0.18.0/src', '-DNS3_ASSERT_ENABLE', '-DNS3_LOG_ENABLE', '-DHAVE___UINT128_T=1', '-DINT64X64_USE_128=1', '-DHAVE_STDINT_H=1', '-DHAVE_INTTYPES_H=1', '../test.cpp', '-c', '-o', 'test.cpp.1.o']

not found
from /home/chuan/vPRKS/src/core: The configuration failed
---------------------------------------------------------
Checking for header sys/types.h
==>
#include <sys/types.h>

int main() {
	return 0;
}

<==
[1/2] [32mcxx: build/.conf_check_293985459965597c97c3759b44ed252b/test.cpp -> build/.conf_check_293985459965597c97c3759b44ed252b/testbuild/test.cpp.1.o
[0m
['/usr/bin/g++', '-W', '-Wall', '-g', '-I/home/chuan/sumo-0.18.0/src', '-DNS3_ASSERT_ENABLE', '-DNS3_LOG_ENABLE', '-DHAVE___UINT128_T=1', '-DINT64X64_USE_128=1', '-DHAVE_STDINT_H=1', '-DHAVE_INTTYPES_H=1', '../test.cpp', '-c', '-o', 'test.cpp.1.o']
[2/2] [33mcxxprogram: build/.conf_check_293985459965597c97c3759b44ed252b/testbuild/test.cpp.1.o -> build/.conf_check_293985459965597c97c3759b44ed252b/testbuild/testprog
[0m
['/usr/bin/g++', 'test.cpp.1.o', '-o', '/home/chuan/vPRKS/build/.conf_check_293985459965597c97c3759b44ed252b/testbuild/testprog', '-Wl,-Bstatic', '-Wl,-Bdynamic']
yes
---------------------------------------------------------
Checking for header sys/stat.h
==>
#include <sys/stat.h>

int main() {
	return 0;
}

<==
[1/2] [32mcxx: build/.conf_check_114df6287ed99356d14a06682bc98197/test.cpp -> build/.conf_check_114df6287ed99356d14a06682bc98197/testbuild/test.cpp.1.o
[0m
['/usr/bin/g++', '-W', '-Wall', '-g', '-I/home/chuan/sumo-0.18.0/src', '-DNS3_ASSERT_ENABLE', '-DNS3_LOG_ENABLE', '-DHAVE___UINT128_T=1', '-DINT64X64_USE_128=1', '-DHAVE_STDINT_H=1', '-DHAVE_INTTYPES_H=1', '-DHAVE_SYS_TYPES_H=1', '../test.cpp', '-c', '-o', 'test.cpp.1.o']
[2/2] [33mcxxprogram: build/.conf_check_114df6287ed99356d14a06682bc98197/testbuild/test.cpp.1.o -> build/.conf_check_114df6287ed99356d14a06682bc98197/testbuild/testprog
[0m
['/usr/bin/g++', 'test.cpp.1.o', '-o', '/home/chuan/vPRKS/build/.conf_check_114df6287ed99356d14a06682bc98197/testbuild/testprog', '-Wl,-Bstatic', '-Wl,-Bdynamic']
yes
---------------------------------------------------------
Checking for header dirent.h
==>
#include <dirent.h>

int main() {
	return 0;
}

<==
[1/2] [32mcxx: build/.conf_check_38008f7ca978e5462e378992d39050f1/test.cpp -> build/.conf_check_38008f7ca978e5462e378992d39050f1/testbuild/test.cpp.1.o
[0m
['/usr/bin/g++', '-W', '-Wall', '-g', '-I/home/chuan/sumo-0.18.0/src', '-DNS3_ASSERT_ENABLE', '-DNS3_LOG_ENABLE', '-DHAVE___UINT128_T=1', '-DINT64X64_USE_128=1', '-DHAVE_STDINT_H=1', '-DHAVE_INTTYPES_H=1', '-DHAVE_SYS_TYPES_H=1', '-DHAVE_SYS_STAT_H=1', '../test.cpp', '-c', '-o', 'test.cpp.1.o']
[2/2] [33mcxxprogram: build/.conf_check_38008f7ca978e5462e378992d39050f1/testbuild/test.cpp.1.o -> build/.conf_check_38008f7ca978e5462e378992d39050f1/testbuild/testprog
[0m
['/usr/bin/g++', 'test.cpp.1.o', '-o', '/home/chuan/vPRKS/build/.conf_check_38008f7ca978e5462e378992d39050f1/testbuild/testprog', '-Wl,-Bstatic', '-Wl,-Bdynamic']
yes
---------------------------------------------------------
Checking for header stdlib.h
==>
#include <stdlib.h>

int main() {
	return 0;
}

<==
[1/2] [32mcxx: build/.conf_check_29f41b0aad55c9546dfc9b7ce9859059/test.cpp -> build/.conf_check_29f41b0aad55c9546dfc9b7ce9859059/testbuild/test.cpp.1.o
[0m
['/usr/bin/g++', '-W', '-Wall', '-g', '-I/home/chuan/sumo-0.18.0/src', '-DNS3_ASSERT_ENABLE', '-DNS3_LOG_ENABLE', '-DHAVE___UINT128_T=1', '-DINT64X64_USE_128=1', '-DHAVE_STDINT_H=1', '-DHAVE_INTTYPES_H=1', '-DHAVE_SYS_TYPES_H=1', '-DHAVE_SYS_STAT_H=1', '-DHAVE_DIRENT_H=1', '../test.cpp', '-c', '-o', 'test.cpp.1.o']
[2/2] [33mcxxprogram: build/.conf_check_29f41b0aad55c9546dfc9b7ce9859059/testbuild/test.cpp.1.o -> build/.conf_check_29f41b0aad55c9546dfc9b7ce9859059/testbuild/testprog
[0m
['/usr/bin/g++', 'test.cpp.1.o', '-o', '/home/chuan/vPRKS/build/.conf_check_29f41b0aad55c9546dfc9b7ce9859059/testbuild/testprog', '-Wl,-Bstatic', '-Wl,-Bdynamic']
yes
---------------------------------------------------------
Checking for header signal.h
==>
#include <signal.h>

int main() {
	return 0;
}

<==
[1/2] [32mcxx: build/.conf_check_cc227f9b4319ad1c726eca4fb806395e/test.cpp -> build/.conf_check_cc227f9b4319ad1c726eca4fb806395e/testbuild/test.cpp.1.o
[0m
['/usr/bin/g++', '-W', '-Wall', '-g', '-I/home/chuan/sumo-0.18.0/src', '-DNS3_ASSERT_ENABLE', '-DNS3_LOG_ENABLE', '-DHAVE___UINT128_T=1', '-DINT64X64_USE_128=1', '-DHAVE_STDINT_H=1', '-DHAVE_INTTYPES_H=1', '-DHAVE_SYS_TYPES_H=1', '-DHAVE_SYS_STAT_H=1', '-DHAVE_DIRENT_H=1', '-DHAVE_STDLIB_H=1', '-DHAVE_GETENV=1', '../test.cpp', '-c', '-o', 'test.cpp.1.o']
[2/2] [33mcxxprogram: build/.conf_check_cc227f9b4319ad1c726eca4fb806395e/testbuild/test.cpp.1.o -> build/.conf_check_cc227f9b4319ad1c726eca4fb806395e/testbuild/testprog
[0m
['/usr/bin/g++', 'test.cpp.1.o', '-o', '/home/chuan/vPRKS/build/.conf_check_cc227f9b4319ad1c726eca4fb806395e/testbuild/testprog', '-Wl,-Bstatic', '-Wl,-Bdynamic']
yes
---------------------------------------------------------
Checking for header pthread.h
==>

#include <pthread.h>
int main ()
{
   pthread_mutex_t m;
   pthread_mutex_init (&m, NULL);
   return 0;
}

<==
[1/2] [32mcxx: build/.conf_check_2be466e82e703a744ee152afe2b58299/test.cpp -> build/.conf_check_2be466e82e703a744ee152afe2b58299/testbuild/test.cpp.1.o
[0m
['/usr/bin/g++', '-W', '-Wall', '-g', '-pthread', '-I/home/chuan/sumo-0.18.0/src', '-DNS3_ASSERT_ENABLE', '-DNS3_LOG_ENABLE', '-DHAVE___UINT128_T=1', '-DINT64X64_USE_128=1', '-DHAVE_STDINT_H=1', '-DHAVE_INTTYPES_H=1', '-DHAVE_SYS_TYPES_H=1', '-DHAVE_SYS_STAT_H=1', '-DHAVE_DIRENT_H=1', '-DHAVE_STDLIB_H=1', '-DHAVE_GETENV=1', '-DHAVE_SIGNAL_H=1', '../test.cpp', '-c', '-o', 'test.cpp.1.o']
[2/2] [33mcxxprogram: build/.conf_check_2be466e82e703a744ee152afe2b58299/testbuild/test.cpp.1.o -> build/.conf_check_2be466e82e703a744ee152afe2b58299/testbuild/testprog
[0m
['/usr/bin/g++', 'test.cpp.1.o', '-o', '/home/chuan/vPRKS/build/.conf_check_2be466e82e703a744ee152afe2b58299/testbuild/testprog', '-Wl,-Bstatic', '-Wl,-Bdynamic', '-pthread']
yes
---------------------------------------------------------
Checking for header stdint.h
==>
#include <stdint.h>

int main() {
	return 0;
}

<==
[1/2] [32mcxx: build/.conf_check_c59373285bc13999c3df79164cb29af1/test.cpp -> build/.conf_check_c59373285bc13999c3df79164cb29af1/testbuild/test.cpp.1.o
[0m
['/usr/bin/g++', '-W', '-Wall', '-g', '-I/home/chuan/sumo-0.18.0/src', '-DNS3_ASSERT_ENABLE', '-DNS3_LOG_ENABLE', '-DHAVE___UINT128_T=1', '-DINT64X64_USE_128=1', '-DHAVE_INTTYPES_H=1', '-DHAVE_SYS_TYPES_H=1', '-DHAVE_SYS_STAT_H=1', '-DHAVE_DIRENT_H=1', '-DHAVE_STDLIB_H=1', '-DHAVE_GETENV=1', '-DHAVE_SIGNAL_H=1', '-DHAVE_PTHREAD_H=1', '../test.cpp', '-c', '-o', 'test.cpp.1.o']
[2/2] [33mcxxprogram: build/.conf_check_c59373285bc13999c3df79164cb29af1/testbuild/test.cpp.1.o -> build/.conf_check_c59373285bc13999c3df79164cb29af1/testbuild/testprog
[0m
['/usr/bin/g++', 'test.cpp.1.o', '-o', '/home/chuan/vPRKS/build/.conf_check_c59373285bc13999c3df79164cb29af1/testbuild/testprog', '-Wl,-Bstatic', '-Wl,-Bdynamic']
yes
---------------------------------------------------------
Checking for header inttypes.h
==>
#include <inttypes.h>

int main() {
	return 0;
}

<==
[1/2] [32mcxx: build/.conf_check_591f7be6a22ba3cd4f507fd8bc09bd2a/test.cpp -> build/.conf_check_591f7be6a22ba3cd4f507fd8bc09bd2a/testbuild/test.cpp.1.o
[0m
['/usr/bin/g++', '-W', '-Wall', '-g', '-I/home/chuan/sumo-0.18.0/src', '-DNS3_ASSERT_ENABLE', '-DNS3_LOG_ENABLE', '-DHAVE___UINT128_T=1', '-DINT64X64_USE_128=1', '-DHAVE_SYS_TYPES_H=1', '-DHAVE_SYS_STAT_H=1', '-DHAVE_DIRENT_H=1', '-DHAVE_STDLIB_H=1', '-DHAVE_GETENV=1', '-DHAVE_SIGNAL_H=1', '-DHAVE_PTHREAD_H=1', '-DHAVE_STDINT_H=1', '../test.cpp', '-c', '-o', 'test.cpp.1.o']
[2/2] [33mcxxprogram: build/.conf_check_591f7be6a22ba3cd4f507fd8bc09bd2a/testbuild/test.cpp.1.o -> build/.conf_check_591f7be6a22ba3cd4f507fd8bc09bd2a/testbuild/testprog
[0m
['/usr/bin/g++', 'test.cpp.1.o', '-o', '/home/chuan/vPRKS/build/.conf_check_591f7be6a22ba3cd4f507fd8bc09bd2a/testbuild/testprog', '-Wl,-Bstatic', '-Wl,-Bdynamic']
yes
---------------------------------------------------------
Checking for header sys/inttypes.h
==>
#include <sys/inttypes.h>

int main() {
	return 0;
}

<==
[1/2] [32mcxx: build/.conf_check_2ca1edb217ad9cef6c81468eb5adffbb/test.cpp -> build/.conf_check_2ca1edb217ad9cef6c81468eb5adffbb/testbuild/test.cpp.1.o
[0m
['/usr/bin/g++', '-W', '-Wall', '-g', '-I/home/chuan/sumo-0.18.0/src', '-DNS3_ASSERT_ENABLE', '-DNS3_LOG_ENABLE', '-DHAVE___UINT128_T=1', '-DINT64X64_USE_128=1', '-DHAVE_SYS_TYPES_H=1', '-DHAVE_SYS_STAT_H=1', '-DHAVE_DIRENT_H=1', '-DHAVE_STDLIB_H=1', '-DHAVE_GETENV=1', '-DHAVE_SIGNAL_H=1', '-DHAVE_PTHREAD_H=1', '-DHAVE_STDINT_H=1', '-DHAVE_INTTYPES_H=1', '../test.cpp', '-c', '-o', 'test.cpp.1.o']
err: ../test.cpp:1:26: fatal error: sys/inttypes.h: No such file or directory
compilation terminated.

from /home/chuan/vPRKS/src/core: Test does not build: Traceback (most recent call last):
  File "/home/chuan/vPRKS/.waf-1.6.7-0a94702c61504c487a251b8d0a04ca9a/waflib/Tools/c_config.py", line 435, in run_c_code
    bld.compile()
  File "/home/chuan/vPRKS/.waf-1.6.7-0a94702c61504c487a251b8d0a04ca9a/waflib/Build.py", line 193, in compile
    raise Errors.BuildError(self.producer.error)
BuildError: Build failed
 -> task failed (exit status 1): 
	{task 35281104: cxx test.cpp -> test.cpp.1.o}
['/usr/bin/g++', '-W', '-Wall', '-g', '-I/home/chuan/sumo-0.18.0/src', '-DNS3_ASSERT_ENABLE', '-DNS3_LOG_ENABLE', '-DHAVE___UINT128_T=1', '-DINT64X64_USE_128=1', '-DHAVE_SYS_TYPES_H=1', '-DHAVE_SYS_STAT_H=1', '-DHAVE_DIRENT_H=1', '-DHAVE_STDLIB_H=1', '-DHAVE_GETENV=1', '-DHAVE_SIGNAL_H=1', '-DHAVE_PTHREAD_H=1', '-DHAVE_STDINT_H=1', '-DHAVE_INTTYPES_H=1', '../test.cpp', '-c', '-o', 'test.cpp.1.o']

not found
from /home/chuan/vPRKS/src/core: The configuration failed
---------------------------------------------------------
Checking for library rt
==>

int main() {
	return 0;
}

<==
[1/2] [32mcxx: build/.conf_check_fc0bab0b855f90bf0795892663948c43/test.cpp -> build/.conf_check_fc0bab0b855f90bf0795892663948c43/testbuild/test.cpp.1.o
[0m
['/usr/bin/g++', '-W', '-Wall', '-g', '-pthread', '-I/home/chuan/sumo-0.18.0/src', '-DNS3_ASSERT_ENABLE', '-DNS3_LOG_ENABLE', '-DHAVE___UINT128_T=1', '-DINT64X64_USE_128=1', '-DHAVE_SYS_TYPES_H=1', '-DHAVE_SYS_STAT_H=1', '-DHAVE_DIRENT_H=1', '-DHAVE_STDLIB_H=1', '-DHAVE_GETENV=1', '-DHAVE_SIGNAL_H=1', '-DHAVE_PTHREAD_H=1', '-DHAVE_STDINT_H=1', '-DHAVE_INTTYPES_H=1', '../test.cpp', '-c', '-o', 'test.cpp.1.o']
[2/2] [33mcxxprogram: build/.conf_check_fc0bab0b855f90bf0795892663948c43/testbuild/test.cpp.1.o -> build/.conf_check_fc0bab0b855f90bf0795892663948c43/testbuild/testprog
[0m
['/usr/bin/g++', 'test.cpp.1.o', '-o', '/home/chuan/vPRKS/build/.conf_check_fc0bab0b855f90bf0795892663948c43/testbuild/testprog', '-Wl,-Bstatic', '-Wl,-Bdynamic', '-lrt', '-pthread']
yes
---------------------------------------------------------
Checking for header netpacket/packet.h
==>
#include <netpacket/packet.h>

int main() {
	return 0;
}

<==
[1/2] [32mcxx: build/.conf_check_0927534631877d46f179382e3e16c60a/test.cpp -> build/.conf_check_0927534631877d46f179382e3e16c60a/testbuild/test.cpp.1.o
[0m
['/usr/bin/g++', '-W', '-Wall', '-g', '-I/home/chuan/sumo-0.18.0/src', '-DNS3_ASSERT_ENABLE', '-DNS3_LOG_ENABLE', '../test.cpp', '-c', '-o', 'test.cpp.1.o']
[2/2] [33mcxxprogram: build/.conf_check_0927534631877d46f179382e3e16c60a/testbuild/test.cpp.1.o -> build/.conf_check_0927534631877d46f179382e3e16c60a/testbuild/testprog
[0m
['/usr/bin/g++', 'test.cpp.1.o', '-o', '/home/chuan/vPRKS/build/.conf_check_0927534631877d46f179382e3e16c60a/testbuild/testprog', '-Wl,-Bstatic', '-Wl,-Bdynamic']
yes
---------------------------------------------------------
Checking for NSC location
not found
---------------------------------------------------------
Checking for header sys/socket.h
==>
#include <sys/socket.h>

int main() {
	return 0;
}

<==
[1/2] [32mcxx: build/.conf_check_f620d214e7131b9899e39aa1327dd607/test.cpp -> build/.conf_check_f620d214e7131b9899e39aa1327dd607/testbuild/test.cpp.1.o
[0m
['/usr/bin/g++', '-W', '-Wall', '-g', '-I/home/chuan/sumo-0.18.0/src', '-DNS3_ASSERT_ENABLE', '-DNS3_LOG_ENABLE', '-DHAVE_PACKET_H=1', '../test.cpp', '-c', '-o', 'test.cpp.1.o']
[2/2] [33mcxxprogram: build/.conf_check_f620d214e7131b9899e39aa1327dd607/testbuild/test.cpp.1.o -> build/.conf_check_f620d214e7131b9899e39aa1327dd607/testbuild/testprog
[0m
['/usr/bin/g++', 'test.cpp.1.o', '-o', '/home/chuan/vPRKS/build/.conf_check_f620d214e7131b9899e39aa1327dd607/testbuild/testprog', '-Wl,-Bstatic', '-Wl,-Bdynamic']
yes
---------------------------------------------------------
Checking for header netinet/in.h
==>
#include <netinet/in.h>

int main() {
	return 0;
}

<==
[1/2] [32mcxx: build/.conf_check_323c64456e3d4ab2a4101e6f5604e508/test.cpp -> build/.conf_check_323c64456e3d4ab2a4101e6f5604e508/testbuild/test.cpp.1.o
[0m
['/usr/bin/g++', '-W', '-Wall', '-g', '-I/home/chuan/sumo-0.18.0/src', '-DNS3_ASSERT_ENABLE', '-DNS3_LOG_ENABLE', '-DHAVE_PACKET_H=1', '-DHAVE_SYS_SOCKET_H=1', '../test.cpp', '-c', '-o', 'test.cpp.1.o']
[2/2] [33mcxxprogram: build/.conf_check_323c64456e3d4ab2a4101e6f5604e508/testbuild/test.cpp.1.o -> build/.conf_check_323c64456e3d4ab2a4101e6f5604e508/testbuild/testprog
[0m
['/usr/bin/g++', 'test.cpp.1.o', '-o', '/home/chuan/vPRKS/build/.conf_check_323c64456e3d4ab2a4101e6f5604e508/testbuild/testprog', '-Wl,-Bstatic', '-Wl,-Bdynamic']
yes
---------------------------------------------------------
Checking boost includes
from /home/chuan/vPRKS/src/openflow: headers not found, use --boost-includes=/path/to/boost
not found
---------------------------------------------------------
Checking for pkg-config flags for IT++
['/usr/bin/pkg-config', '--cflags', '--libs', 'itpp']: '-Wall -g -DNDEBUG -pipe -O2  -litpp  \n' (exit code 0)

ok
---------------------------------------------------------
Checking for library sqlite3
==>

int main() {
	return 0;
}

<==
[1/2] [32mcxx: build/.conf_check_39b3cecfac3989b2ed760243cef109e6/test.cpp -> build/.conf_check_39b3cecfac3989b2ed760243cef109e6/testbuild/test.cpp.1.o
[0m
['/usr/bin/g++', '-W', '-Wall', '-g', '-DNO_INT_SIZE_CHECK', '-I/home/chuan/sumo-0.18.0/src', '-DNS3_ASSERT_ENABLE', '-DNS3_LOG_ENABLE', '../test.cpp', '-c', '-o', 'test.cpp.1.o']
[2/2] [33mcxxprogram: build/.conf_check_39b3cecfac3989b2ed760243cef109e6/testbuild/test.cpp.1.o -> build/.conf_check_39b3cecfac3989b2ed760243cef109e6/testbuild/testprog
[0m
['/usr/bin/g++', 'test.cpp.1.o', '-o', '/home/chuan/vPRKS/build/.conf_check_39b3cecfac3989b2ed760243cef109e6/testbuild/testprog', '-Wl,-Bstatic', '-Wl,-Bdynamic', '-lsqlite3']
err: /usr/bin/ld: cannot find -lsqlite3
collect2: ld returned 1 exit status

from /home/chuan/vPRKS/src/stats: Test does not build: Traceback (most recent call last):
  File "/home/chuan/vPRKS/.waf-1.6.7-0a94702c61504c487a251b8d0a04ca9a/waflib/Tools/c_config.py", line 435, in run_c_code
    bld.compile()
  File "/home/chuan/vPRKS/.waf-1.6.7-0a94702c61504c487a251b8d0a04ca9a/waflib/Build.py", line 193, in compile
    raise Errors.BuildError(self.producer.error)
BuildError: Build failed
 -> task failed (exit status 1): 
	{task 35312208: cxxprogram test.cpp.1.o -> testprog}
['/usr/bin/g++', 'test.cpp.1.o', '-o', '/home/chuan/vPRKS/build/.conf_check_39b3cecfac3989b2ed760243cef109e6/testbuild/testprog', '-Wl,-Bstatic', '-Wl,-Bdynamic', '-lsqlite3']

not found
from /home/chuan/vPRKS/src/stats: The configuration failed
---------------------------------------------------------
Checking for pkg-config flags for SQLITE3
['/usr/bin/pkg-config', '--cflags', '--libs', 'sqlite3']: '' (exit code 1)
Package sqlite3 was not found in the pkg-config search path.
Perhaps you should add the directory containing `sqlite3.pc'
to the PKG_CONFIG_PATH environment variable
No package 'sqlite3' found

not found
---------------------------------------------------------
Checking for header linux/if_tun.h
==>
#include <linux/if_tun.h>

int main() {
	return 0;
}

<==
[1/2] [32mcxx: build/.conf_check_e2bf758aaca47858b67848f504a8de27/test.cpp -> build/.conf_check_e2bf758aaca47858b67848f504a8de27/testbuild/test.cpp.1.o
[0m
['/usr/bin/g++', '-W', '-Wall', '-g', '-DNO_INT_SIZE_CHECK', '-I/home/chuan/sumo-0.18.0/src', '-DNS3_ASSERT_ENABLE', '-DNS3_LOG_ENABLE', '../test.cpp', '-c', '-o', 'test.cpp.1.o']
[2/2] [33mcxxprogram: build/.conf_check_e2bf758aaca47858b67848f504a8de27/testbuild/test.cpp.1.o -> build/.conf_check_e2bf758aaca47858b67848f504a8de27/testbuild/testprog
[0m
['/usr/bin/g++', 'test.cpp.1.o', '-o', '/home/chuan/vPRKS/build/.conf_check_e2bf758aaca47858b67848f504a8de27/testbuild/testprog', '-Wl,-Bstatic', '-Wl,-Bdynamic']
yes
---------------------------------------------------------
Checking for program python
/usr/bin/python
find program=['python'] paths=['/usr/local/bin/gcf/src', '/usr/local/bin/gcf/examples', '/usr/lib/lightdm/lightdm', '/usr/local/sbin', '/usr/local/bin', '/usr/sbin', '/usr/bin', '/sbin', '/bin', '/usr/games'] var='PYTHON' -> '/usr/bin/python'
['/usr/bin/python', '-c', 'import sys\nfor x in sys.version_info: print(str(x))']
out: 2
7
3
final
0

['/usr/bin/python', '-c', "from distutils.sysconfig import get_python_lib\n\nprint(repr(get_python_lib(standard_lib=0, prefix='/usr/local') or ''))"]
out: '/usr/local/lib/python2.7/dist-packages'

['/usr/bin/python', '-c', "from distutils.sysconfig import get_python_lib\n\nprint(repr(get_python_lib(plat_specific=1, standard_lib=0, prefix='/usr/local') or ''))"]
out: '/usr/local/lib/python2.7/dist-packages'

---------------------------------------------------------
Checking for python version
(2, 7, 3, 'final', 0)
['/usr/bin/python', '-c', "from distutils.sysconfig import get_config_var\n\nprint(repr(get_config_var('prefix') or ''))\nprint(repr(get_config_var('SO') or ''))\nprint(repr(get_config_var('LDFLAGS') or ''))\nprint(repr(get_config_var('LIBDIR') or ''))\nprint(repr(get_config_var('LIBPL') or ''))\nprint(repr(get_config_var('INCLUDEPY') or ''))\nprint(repr(get_config_var('Py_ENABLE_SHARED') or ''))\nprint(repr(get_config_var('MACOSX_DEPLOYMENT_TARGET') or ''))\nprint(repr(get_config_var('LDSHARED') or ''))\nprint(repr(get_config_var('CFLAGS') or ''))"]
out: '/usr'
'.so'
'-Wl,-Bsymbolic-functions -Wl,-z,relro'
'/usr/lib'
'/usr/lib/python2.7/config'
'/usr/include/python2.7'
''
''
'gcc -pthread -shared -Wl,-O1 -Wl,-Bsymbolic-functions -Wl,-Bsymbolic-functions -Wl,-z,relro'
'-fno-strict-aliasing -DNDEBUG -g -fwrapv -O2 -Wall -Wstrict-prototypes -g -fstack-protector --param=ssp-buffer-size=4 -Wformat -Wformat-security -Werror=format-security'

Configuration returned from ['/usr/bin/python']:
"prefix = '/usr'\nSO = '.so'\nLDFLAGS = '-Wl,-Bsymbolic-functions -Wl,-z,relro'\nLIBDIR = '/usr/lib'\nLIBPL = '/usr/lib/python2.7/config'\nINCLUDEPY = '/usr/include/python2.7'\nPy_ENABLE_SHARED = ''\nMACOSX_DEPLOYMENT_TARGET = ''\nLDSHARED = 'gcc -pthread -shared -Wl,-O1 -Wl,-Bsymbolic-functions -Wl,-Bsymbolic-functions -Wl,-z,relro'\nCFLAGS = '-fno-strict-aliasing -DNDEBUG -g -fwrapv -O2 -Wall -Wstrict-prototypes -g -fstack-protector --param=ssp-buffer-size=4 -Wformat -Wformat-security -Werror=format-security'"



# try again with -L$python_LIBDIR: ['/usr/lib']

---------------------------------------------------------
Checking for library python2.7 in LIBDIR
==>

int main() {
	return 0;
}

<==
[1/2] [32mcxx: build/.conf_check_9a1d0551212c9d703363e62dfbc51c79/test.cpp -> build/.conf_check_9a1d0551212c9d703363e62dfbc51c79/testbuild/test.cpp.1.o
[0m
['/usr/bin/g++', '-W', '-Wall', '-g', '-DNO_INT_SIZE_CHECK', '-fno-strict-aliasing', '-fwrapv', '-fstack-protector', '-I/home/chuan/sumo-0.18.0/src', '-DNS3_ASSERT_ENABLE', '-DNS3_LOG_ENABLE', '-DHAVE_IF_TUN_H=1', '-DPYTHONDIR="/usr/local/lib/python2.7/dist-packages"', '-DPYTHONARCHDIR="/usr/local/lib/python2.7/dist-packages"', '-DNDEBUG', '../test.cpp', '-c', '-o', 'test.cpp.1.o']
[2/2] [33mcxxprogram: build/.conf_check_9a1d0551212c9d703363e62dfbc51c79/testbuild/test.cpp.1.o -> build/.conf_check_9a1d0551212c9d703363e62dfbc51c79/testbuild/testprog
[0m
['/usr/bin/g++', 'test.cpp.1.o', '-o', '/home/chuan/vPRKS/build/.conf_check_9a1d0551212c9d703363e62dfbc51c79/testbuild/testprog', '-Wl,-Bstatic', '-Wl,-Bdynamic', '-L/usr/lib', '-lpython2.7', '-Wl,-Bsymbolic-functions', '-Wl,-z,relro']
err: /usr/bin/ld: cannot find -lpython2.7
collect2: ld returned 1 exit status

from /home/chuan/vPRKS/bindings/python: Test does not build: Traceback (most recent call last):
  File "/home/chuan/vPRKS/.waf-1.6.7-0a94702c61504c487a251b8d0a04ca9a/waflib/Tools/c_config.py", line 435, in run_c_code
    bld.compile()
  File "/home/chuan/vPRKS/.waf-1.6.7-0a94702c61504c487a251b8d0a04ca9a/waflib/Build.py", line 193, in compile
    raise Errors.BuildError(self.producer.error)
BuildError: Build failed
 -> task failed (exit status 1): 
	{task 34142160: cxxprogram test.cpp.1.o -> testprog}
['/usr/bin/g++', 'test.cpp.1.o', '-o', '/home/chuan/vPRKS/build/.conf_check_9a1d0551212c9d703363e62dfbc51c79/testbuild/testprog', '-Wl,-Bstatic', '-Wl,-Bdynamic', '-L/usr/lib', '-lpython2.7', '-Wl,-Bsymbolic-functions', '-Wl,-z,relro']

not found
from /home/chuan/vPRKS/bindings/python: The configuration failed


# try again with -L$python_LIBPL (some systems don't install the python library in $prefix/lib)

---------------------------------------------------------
Checking for library python2.7 in python_LIBPL
==>

int main() {
	return 0;
}

<==
[1/2] [32mcxx: build/.conf_check_b164aaefc1269589e15986e29a28fe64/test.cpp -> build/.conf_check_b164aaefc1269589e15986e29a28fe64/testbuild/test.cpp.1.o
[0m
['/usr/bin/g++', '-W', '-Wall', '-g', '-DNO_INT_SIZE_CHECK', '-fno-strict-aliasing', '-fwrapv', '-fstack-protector', '-I/home/chuan/sumo-0.18.0/src', '-DNS3_ASSERT_ENABLE', '-DNS3_LOG_ENABLE', '-DHAVE_IF_TUN_H=1', '-DPYTHONDIR="/usr/local/lib/python2.7/dist-packages"', '-DPYTHONARCHDIR="/usr/local/lib/python2.7/dist-packages"', '-DNDEBUG', '../test.cpp', '-c', '-o', 'test.cpp.1.o']
[2/2] [33mcxxprogram: build/.conf_check_b164aaefc1269589e15986e29a28fe64/testbuild/test.cpp.1.o -> build/.conf_check_b164aaefc1269589e15986e29a28fe64/testbuild/testprog
[0m
['/usr/bin/g++', 'test.cpp.1.o', '-o', '/home/chuan/vPRKS/build/.conf_check_b164aaefc1269589e15986e29a28fe64/testbuild/testprog', '-Wl,-Bstatic', '-Wl,-Bdynamic', '-L/usr/lib/python2.7/config', '-lpython2.7', '-Wl,-Bsymbolic-functions', '-Wl,-z,relro']
yes
-------------------------------------------------------------------------
Checking for program python2.7-config,python-config-2.7,python2.7m-config
not found
find program=['python2.7-config', 'python-config-2.7', 'python2.7m-config'] paths=['/usr/local/bin/gcf/src', '/usr/local/bin/gcf/examples', '/usr/lib/lightdm/lightdm', '/usr/local/sbin', '/usr/local/bin', '/usr/sbin', '/usr/bin', '/sbin', '/bin', '/usr/games'] var='PYTHON_CONFIG' -> ''
from /home/chuan/vPRKS/bindings/python: Could not find the program python2.7-config,python-config-2.7,python2.7m-config
Include path for Python extensions (found via distutils module): '/usr/include/python2.7'

-------------------------------------------------------------------------
Checking for header Python.h
==>

#include <Python.h>
#ifdef __cplusplus
extern "C" {
#endif
	void Py_Initialize(void);
	void Py_Finalize(void);
#ifdef __cplusplus
}
#endif
int main()
{
   Py_Initialize();
   Py_Finalize();
   return 0;
}

<==
[1/2] [32mcxx: build/.conf_check_d6c8946949ece91ce43c989711393fec/test.cpp -> build/.conf_check_d6c8946949ece91ce43c989711393fec/testbuild/test.cpp.1.o
[0m
['/usr/bin/g++', '-W', '-Wall', '-g', '-DNO_INT_SIZE_CHECK', '-fno-strict-aliasing', '-fwrapv', '-fstack-protector', '-fno-strict-aliasing', '-I/home/chuan/sumo-0.18.0/src', '-I/usr/include/python2.7', '-DNS3_ASSERT_ENABLE', '-DNS3_LOG_ENABLE', '-DHAVE_IF_TUN_H=1', '-DPYTHONDIR="/usr/local/lib/python2.7/dist-packages"', '-DPYTHONARCHDIR="/usr/local/lib/python2.7/dist-packages"', '-DNDEBUG', '../test.cpp', '-c', '-o', 'test.cpp.1.o']
err: ../test.cpp:2:20: fatal error: Python.h: No such file or directory
compilation terminated.

from /home/chuan/vPRKS/bindings/python: Test does not build: Traceback (most recent call last):
  File "/home/chuan/vPRKS/.waf-1.6.7-0a94702c61504c487a251b8d0a04ca9a/waflib/Tools/c_config.py", line 435, in run_c_code
    bld.compile()
  File "/home/chuan/vPRKS/.waf-1.6.7-0a94702c61504c487a251b8d0a04ca9a/waflib/Build.py", line 193, in compile
    raise Errors.BuildError(self.producer.error)
BuildError: Build failed
 -> task failed (exit status 1): 
	{task 35280400: cxx test.cpp -> test.cpp.1.o}
['/usr/bin/g++', '-W', '-Wall', '-g', '-DNO_INT_SIZE_CHECK', '-fno-strict-aliasing', '-fwrapv', '-fstack-protector', '-fno-strict-aliasing', '-I/home/chuan/sumo-0.18.0/src', '-I/usr/include/python2.7', '-DNS3_ASSERT_ENABLE', '-DNS3_LOG_ENABLE', '-DHAVE_IF_TUN_H=1', '-DPYTHONDIR="/usr/local/lib/python2.7/dist-packages"', '-DPYTHONARCHDIR="/usr/local/lib/python2.7/dist-packages"', '-DNDEBUG', '../test.cpp', '-c', '-o', 'test.cpp.1.o']

Could not find the python development headers
from /home/chuan/vPRKS/bindings/python: The configuration failed
-------------------------------------------------------------------------
Checking for []
[[], '--cflags', '--libs']
not found
from /home/chuan/vPRKS/bindings/python: The configuration failed
-------------------------------------------------------------------------
Checking for program sudo
/usr/bin/sudo
find program=['sudo'] paths=['/usr/local/bin/gcf/src', '/usr/local/bin/gcf/examples', '/usr/lib/lightdm/lightdm', '/usr/local/sbin', '/usr/local/bin', '/usr/sbin', '/usr/bin', '/sbin', '/bin', '/usr/games'] var='SUDO' -> '/usr/bin/sudo'
-------------------------------------------------------------------------
Checking for program valgrind
not found
find program=['valgrind'] paths=['/usr/local/bin/gcf/src', '/usr/local/bin/gcf/examples', '/usr/lib/lightdm/lightdm', '/usr/local/sbin', '/usr/local/bin', '/usr/sbin', '/usr/bin', '/sbin', '/bin', '/usr/games'] var='VALGRIND' -> ''
from /home/chuan/vPRKS: Could not find the program valgrind
-------------------------------------------------------------------------
Checking for pkg-config flags for GSL
['/usr/bin/pkg-config', '--cflags', '--libs', 'gsl']: '' (exit code 1)
Package gsl was not found in the pkg-config search path.
Perhaps you should add the directory containing `gsl.pc'
to the PKG_CONFIG_PATH environment variable
No package 'gsl' found

not found
-------------------------------------------------------------------------
Checking for compilation flag -Wno-error=deprecated-d... support
==>
#include <stdio.h>
int main() { return 0; }

<==
[1/2] [32mc: build/.conf_check_d8a2c40aecfb7c8eac7dd03fcbfb1110/test.c -> build/.conf_check_d8a2c40aecfb7c8eac7dd03fcbfb1110/testbuild/test.c.1.o
[0m
['/usr/bin/gcc', '-Wno-error=deprecated-declarations', '-I/home/chuan/sumo-0.18.0/src', '-DNS3_ASSERT_ENABLE', '-DNS3_LOG_ENABLE', '-DHAVE_IF_TUN_H=1', '-DPYTHONDIR="/usr/local/lib/python2.7/dist-packages"', '-DPYTHONARCHDIR="/usr/local/lib/python2.7/dist-packages"', '../test.c', '-c', '-o', 'test.c.1.o']
[2/2] [33mcprogram: build/.conf_check_d8a2c40aecfb7c8eac7dd03fcbfb1110/testbuild/test.c.1.o -> build/.conf_check_d8a2c40aecfb7c8eac7dd03fcbfb1110/testbuild/testprog
[0m
['/usr/bin/gcc', 'test.c.1.o', '-o', '/home/chuan/vPRKS/build/.conf_check_d8a2c40aecfb7c8eac7dd03fcbfb1110/testbuild/testprog', '-Wl,-Bstatic', '-Wl,-Bdynamic']
ok
-------------------------------------------------------------------------
Checking for compilation flag -fstrict-aliasing... support
==>
#include <stdio.h>
int main() { return 0; }

<==
[1/2] [32mc: build/.conf_check_d8a2c40aecfb7c8eac7dd03fcbfb1110/test.c -> build/.conf_check_d8a2c40aecfb7c8eac7dd03fcbfb1110/testbuild/test.c.1.o
[0m
['/usr/bin/gcc', '-fstrict-aliasing', '-I/home/chuan/sumo-0.18.0/src', '-DNS3_ASSERT_ENABLE', '-DNS3_LOG_ENABLE', '-DHAVE_IF_TUN_H=1', '-DPYTHONDIR="/usr/local/lib/python2.7/dist-packages"', '-DPYTHONARCHDIR="/usr/local/lib/python2.7/dist-packages"', '../test.c', '-c', '-o', 'test.c.1.o']
[2/2] [33mcprogram: build/.conf_check_d8a2c40aecfb7c8eac7dd03fcbfb1110/testbuild/test.c.1.o -> build/.conf_check_d8a2c40aecfb7c8eac7dd03fcbfb1110/testbuild/testprog
[0m
['/usr/bin/gcc', 'test.c.1.o', '-o', '/home/chuan/vPRKS/build/.conf_check_d8a2c40aecfb7c8eac7dd03fcbfb1110/testbuild/testprog', '-Wl,-Bstatic', '-Wl,-Bdynamic']
ok
-------------------------------------------------------------------------
Checking for compilation flag -Wstrict-aliasing... support
==>
#include <stdio.h>
int main() { return 0; }

<==
[1/2] [32mc: build/.conf_check_d8a2c40aecfb7c8eac7dd03fcbfb1110/test.c -> build/.conf_check_d8a2c40aecfb7c8eac7dd03fcbfb1110/testbuild/test.c.1.o
[0m
['/usr/bin/gcc', '-Wstrict-aliasing', '-I/home/chuan/sumo-0.18.0/src', '-DNS3_ASSERT_ENABLE', '-DNS3_LOG_ENABLE', '-DHAVE_IF_TUN_H=1', '-DPYTHONDIR="/usr/local/lib/python2.7/dist-packages"', '-DPYTHONARCHDIR="/usr/local/lib/python2.7/dist-packages"', '../test.c', '-c', '-o', 'test.c.1.o']
[2/2] [33mcprogram: build/.conf_check_d8a2c40aecfb7c8eac7dd03fcbfb1110/testbuild/test.c.1.o -> build/.conf_check_d8a2c40aecfb7c8eac7dd03fcbfb1110/testbuild/testprog
[0m
['/usr/bin/gcc', 'test.c.1.o', '-o', '/home/chuan/vPRKS/build/.conf_check_d8a2c40aecfb7c8eac7dd03fcbfb1110/testbuild/testprog', '-Wl,-Bstatic', '-Wl,-Bdynamic']
ok
-------------------------------------------------------------------------
Checking for program doxygen
not found
find program=['doxygen'] paths=['/usr/local/bin/gcf/src', '/usr/local/bin/gcf/examples', '/usr/lib/lightdm/lightdm', '/usr/local/sbin', '/usr/local/bin', '/usr/sbin', '/usr/bin', '/sbin', '/bin', '/usr/games'] var='DOXYGEN' -> ''
from /home/chuan/vPRKS: Could not find the program doxygen
